<?xml version="1.0" encoding="UTF-8"?>
<!-- Generated by org.testng.reporters.JUnitReportReporter -->
<testsuite hostname="NileshPC" failures="0" tests="5" name="testCases.TC003_LoginDDT" time="18.147" errors="0" timestamp="2024-08-03T11:50:22 IST" skipped="0">
  <testcase classname="testCases.TC003_LoginDDT" name="verify_loginDDT" time="1.713"/>
  <testcase classname="testCases.TC003_LoginDDT" name="verify_loginDDT" time="11.134"/>
  <testcase classname="testCases.TC003_LoginDDT" name="verify_loginDDT" time="1.630"/>
  <testcase classname="testCases.TC003_LoginDDT" name="verify_loginDDT" time="1.663"/>
  <testcase classname="testCases.TC003_LoginDDT" name="verify_loginDDT" time="2.007"/>
</testsuite> <!-- testCases.TC003_LoginDDT -->
