<?xml version="1.0" encoding="UTF-8"?>
<!-- Generated by org.testng.reporters.JUnitReportReporter -->
<testsuite hostname="NileshPC" failures="0" tests="1" name="testCases.TC001_AccountRegistrationTest" time="2.824" errors="0" timestamp="2024-08-10T15:14:46 IST" skipped="0">
  <testcase classname="testCases.TC001_AccountRegistrationTest" name="verify_account_registastion" time="2.824"/>
</testsuite> <!-- testCases.TC001_AccountRegistrationTest -->
